<?xml version="1.0" encoding="UTF-8"?>
<!-- Generated by org.testng.reporters.JUnitXMLReporter -->
<testsuite ignored="0" hostname="Bharath_lenovo" failures="0" tests="4" name="Test" time="64.29" errors="0" timestamp="2025-09-22T12:36:12 SGT">
  <testcase classname="testCases.TC001_AccountRegistrationTest" name="verify_Account_Registration" time="1.706"/>
  <testcase classname="testCases.TC002_LoginTest" name="verify_login" time="1.301"/>
  <testcase classname="testCases.TC004_AddToCartTest" name="verifyAddToCart" time="10.284"/>
  <testcase classname="testCases.TC005_OrderingItem" name="verifyUserIsAbleToOrder" time="31.07"/>
</testsuite> <!-- Test -->
