<?xml version="1.0" encoding="UTF-8"?>
<testng-results ignored="0" total="4" passed="4" failed="0" skipped="0">
  <reporter-output>
  </reporter-output>
  <suite started-at="2025-09-22T12:35:08 SGT" name="Master Suite" finished-at="2025-09-22T12:36:12 SGT" duration-ms="64290">
    <groups>
      <group name="Master">
        <method signature="TC001_AccountRegistrationTest.verify_Account_Registration()[pri:0, instance:testCases.TC001_AccountRegistrationTest@3a5ecce3]" name="verify_Account_Registration" class="testCases.TC001_AccountRegistrationTest"/>
        <method signature="TC002_LoginTest.verify_login()[pri:0, instance:testCases.TC002_LoginTest@21a21c64]" name="verify_login" class="testCases.TC002_LoginTest"/>
        <method signature="TC004_AddToCartTest.verifyAddToCart()[pri:0, instance:testCases.TC004_AddToCartTest@7803bfd]" name="verifyAddToCart" class="testCases.TC004_AddToCartTest"/>
      </group> <!-- Master -->
      <group name="Sanity">
        <method signature="TC002_LoginTest.verify_login()[pri:0, instance:testCases.TC002_LoginTest@21a21c64]" name="verify_login" class="testCases.TC002_LoginTest"/>
      </group> <!-- Sanity -->
      <group name="Regression">
        <method signature="TC001_AccountRegistrationTest.verify_Account_Registration()[pri:0, instance:testCases.TC001_AccountRegistrationTest@3a5ecce3]" name="verify_Account_Registration" class="testCases.TC001_AccountRegistrationTest"/>
        <method signature="TC004_AddToCartTest.verifyAddToCart()[pri:0, instance:testCases.TC004_AddToCartTest@7803bfd]" name="verifyAddToCart" class="testCases.TC004_AddToCartTest"/>
        <method signature="TC005_OrderingItem.verifyUserIsAbleToOrder()[pri:0, instance:testCases.TC005_OrderingItem@42bc14c1]" name="verifyUserIsAbleToOrder" class="testCases.TC005_OrderingItem"/>
      </group> <!-- Regression -->
    </groups>
    <test started-at="2025-09-22T12:35:08 SGT" name="Test" finished-at="2025-09-22T12:36:12 SGT" duration-ms="64290">
      <class name="testCases.TC002_LoginTest">
        <test-method is-config="true" signature="setup(java.lang.String,java.lang.String)[pri:0, instance:testCases.TC002_LoginTest@21a21c64]" started-at="2025-09-22T12:35:12 SGT" name="setup" finished-at="2025-09-22T12:35:26 SGT" duration-ms="14064" status="PASS">
          <params>
            <param index="0">
              <value>
                <![CDATA[Windows]]>
              </value>
            </param>
            <param index="1">
              <value>
                <![CDATA[chrome]]>
              </value>
            </param>
          </params>
          <reporter-output>
          </reporter-output>
        </test-method> <!-- setup -->
        <test-method signature="verify_login()[pri:0, instance:testCases.TC002_LoginTest@21a21c64]" started-at="2025-09-22T12:35:26 SGT" name="verify_login" finished-at="2025-09-22T12:35:27 SGT" duration-ms="1301" status="PASS">
          <reporter-output>
          </reporter-output>
        </test-method> <!-- verify_login -->
        <test-method is-config="true" signature="teardown()[pri:0, instance:testCases.TC002_LoginTest@21a21c64]" started-at="2025-09-22T12:35:27 SGT" name="teardown" finished-at="2025-09-22T12:35:27 SGT" duration-ms="150" status="PASS">
          <reporter-output>
          </reporter-output>
        </test-method> <!-- teardown -->
      </class> <!-- testCases.TC002_LoginTest -->
      <class name="testCases.TC001_AccountRegistrationTest">
        <test-method is-config="true" signature="setup(java.lang.String,java.lang.String)[pri:0, instance:testCases.TC001_AccountRegistrationTest@3a5ecce3]" started-at="2025-09-22T12:35:08 SGT" name="setup" finished-at="2025-09-22T12:35:10 SGT" duration-ms="1834" status="PASS">
          <params>
            <param index="0">
              <value>
                <![CDATA[Windows]]>
              </value>
            </param>
            <param index="1">
              <value>
                <![CDATA[chrome]]>
              </value>
            </param>
          </params>
          <reporter-output>
          </reporter-output>
        </test-method> <!-- setup -->
        <test-method signature="verify_Account_Registration()[pri:0, instance:testCases.TC001_AccountRegistrationTest@3a5ecce3]" started-at="2025-09-22T12:35:10 SGT" name="verify_Account_Registration" finished-at="2025-09-22T12:35:12 SGT" duration-ms="1706" status="PASS">
          <reporter-output>
          </reporter-output>
        </test-method> <!-- verify_Account_Registration -->
        <test-method is-config="true" signature="teardown()[pri:0, instance:testCases.TC001_AccountRegistrationTest@3a5ecce3]" started-at="2025-09-22T12:35:12 SGT" name="teardown" finished-at="2025-09-22T12:35:12 SGT" duration-ms="185" status="PASS">
          <reporter-output>
          </reporter-output>
        </test-method> <!-- teardown -->
      </class> <!-- testCases.TC001_AccountRegistrationTest -->
      <class name="testCases.TC004_AddToCartTest">
        <test-method is-config="true" signature="setup(java.lang.String,java.lang.String)[pri:0, instance:testCases.TC004_AddToCartTest@7803bfd]" started-at="2025-09-22T12:35:27 SGT" name="setup" finished-at="2025-09-22T12:35:29 SGT" duration-ms="1317" status="PASS">
          <params>
            <param index="0">
              <value>
                <![CDATA[Windows]]>
              </value>
            </param>
            <param index="1">
              <value>
                <![CDATA[chrome]]>
              </value>
            </param>
          </params>
          <reporter-output>
          </reporter-output>
        </test-method> <!-- setup -->
        <test-method signature="verifyAddToCart()[pri:0, instance:testCases.TC004_AddToCartTest@7803bfd]" started-at="2025-09-22T12:35:29 SGT" name="verifyAddToCart" finished-at="2025-09-22T12:35:39 SGT" duration-ms="10284" status="PASS">
          <reporter-output>
          </reporter-output>
        </test-method> <!-- verifyAddToCart -->
        <test-method is-config="true" signature="teardown()[pri:0, instance:testCases.TC004_AddToCartTest@7803bfd]" started-at="2025-09-22T12:35:39 SGT" name="teardown" finished-at="2025-09-22T12:35:39 SGT" duration-ms="195" status="PASS">
          <reporter-output>
          </reporter-output>
        </test-method> <!-- teardown -->
      </class> <!-- testCases.TC004_AddToCartTest -->
      <class name="testCases.TC005_OrderingItem">
        <test-method is-config="true" signature="setup(java.lang.String,java.lang.String)[pri:0, instance:testCases.TC005_OrderingItem@42bc14c1]" started-at="2025-09-22T12:35:39 SGT" name="setup" finished-at="2025-09-22T12:35:41 SGT" duration-ms="1686" status="PASS">
          <params>
            <param index="0">
              <value>
                <![CDATA[Windows]]>
              </value>
            </param>
            <param index="1">
              <value>
                <![CDATA[chrome]]>
              </value>
            </param>
          </params>
          <reporter-output>
          </reporter-output>
        </test-method> <!-- setup -->
        <test-method signature="verifyUserIsAbleToOrder()[pri:0, instance:testCases.TC005_OrderingItem@42bc14c1]" started-at="2025-09-22T12:35:41 SGT" name="verifyUserIsAbleToOrder" finished-at="2025-09-22T12:36:12 SGT" duration-ms="31070" status="PASS">
          <reporter-output>
          </reporter-output>
        </test-method> <!-- verifyUserIsAbleToOrder -->
        <test-method is-config="true" signature="teardown()[pri:0, instance:testCases.TC005_OrderingItem@42bc14c1]" started-at="2025-09-22T12:36:12 SGT" name="teardown" finished-at="2025-09-22T12:36:12 SGT" duration-ms="242" status="PASS">
          <reporter-output>
          </reporter-output>
        </test-method> <!-- teardown -->
      </class> <!-- testCases.TC005_OrderingItem -->
    </test> <!-- Test -->
  </suite> <!-- Master Suite -->
</testng-results>
